<?xml version="1.0" encoding="UTF-8"?>
<coverage generated="1531721449872" clover="3.2.0">
  <project timestamp="1531721449872" name="All files">
    <metrics statements="42" coveredstatements="41" conditionals="21" coveredconditionals="19" methods="14" coveredmethods="14" elements="77" coveredelements="74" complexity="0" loc="42" ncloc="42" packages="1" files="1" classes="1">
      <file name="index.js" path="C:\Users\sajan\Documents\sajan_applications\react-notification\src\index.js">
        <metrics statements="42" coveredstatements="41" conditionals="21" coveredconditionals="19" methods="14" coveredmethods="14"/>
        <line num="12" count="11" type="stmt"/>
        <line num="13" count="11" type="stmt"/>
        <line num="14" count="11" type="stmt"/>
        <line num="15" count="11" type="stmt"/>
        <line num="21" count="1" type="stmt"/>
        <line num="22" count="1" type="stmt"/>
        <line num="23" count="1" type="cond" truecount="3" falsecount="1"/>
        <line num="24" count="1" type="stmt"/>
        <line num="29" count="12" type="cond" truecount="2" falsecount="0"/>
        <line num="34" count="11" type="stmt"/>
        <line num="35" count="11" type="stmt"/>
        <line num="36" count="11" type="cond" truecount="4" falsecount="0"/>
        <line num="39" count="8" type="stmt"/>
        <line num="40" count="8" type="stmt"/>
        <line num="42" count="2" type="stmt"/>
        <line num="43" count="2" type="stmt"/>
        <line num="45" count="1" type="stmt"/>
        <line num="46" count="1" type="stmt"/>
        <line num="48" count="11" type="stmt"/>
        <line num="56" count="1" type="stmt"/>
        <line num="59" count="12" type="stmt"/>
        <line num="65" count="10" type="stmt"/>
        <line num="66" count="10" type="stmt"/>
        <line num="67" count="10" type="stmt"/>
        <line num="68" count="10" type="stmt"/>
        <line num="73" count="10" type="stmt"/>
        <line num="74" count="8" type="stmt"/>
        <line num="75" count="8" type="cond" truecount="4" falsecount="1"/>
        <line num="76" count="0" type="stmt"/>
        <line num="82" count="1" type="stmt"/>
        <line num="83" count="1" type="stmt"/>
        <line num="87" count="1" type="stmt"/>
        <line num="88" count="1" type="stmt"/>
        <line num="92" count="2" type="stmt"/>
        <line num="103" count="11" type="cond" truecount="2" falsecount="0"/>
        <line num="104" count="11" type="cond" truecount="4" falsecount="0"/>
        <line num="105" count="2" type="stmt"/>
        <line num="107" count="9" type="stmt"/>
        <line num="117" count="11" type="stmt"/>
        <line num="124" count="11" type="stmt"/>
        <line num="128" count="11" type="stmt"/>
        <line num="136" count="11" type="stmt"/>
      </file>
    </metrics>
  </project>
</coverage>
