{"C:\\Users\\sajan\\Documents\\sajan_applications\\react-notification\\src\\index.js": {"path":"C:\\Users\\sajan\\Documents\\sajan_applications\\react-notification\\src\\index.js","statementMap":{"0":{"start":{"line":12,"column":4},"end":{"line":12,"column":17}},"1":{"start":{"line":13,"column":4},"end":{"line":13,"column":57}},"2":{"start":{"line":14,"column":4},"end":{"line":14,"column":53}},"3":{"start":{"line":15,"column":4},"end":{"line":17,"column":6}},"4":{"start":{"line":21,"column":4},"end":{"line":21,"column":27}},"5":{"start":{"line":22,"column":4},"end":{"line":22,"column":40}},"6":{"start":{"line":23,"column":4},"end":{"line":25,"column":5}},"7":{"start":{"line":24,"column":6},"end":{"line":24,"column":34}},"8":{"start":{"line":29,"column":4},"end":{"line":55,"column":5}},"9":{"start":{"line":34,"column":10},"end":{"line":34,"column":20}},"10":{"start":{"line":35,"column":17},"end":{"line":35,"column":19}},"11":{"start":{"line":36,"column":6},"end":{"line":47,"column":7}},"12":{"start":{"line":39,"column":9},"end":{"line":39,"column":45}},"13":{"start":{"line":40,"column":8},"end":{"line":40,"column":14}},"14":{"start":{"line":42,"column":9},"end":{"line":42,"column":29}},"15":{"start":{"line":43,"column":8},"end":{"line":43,"column":14}},"16":{"start":{"line":45,"column":9},"end":{"line":45,"column":30}},"17":{"start":{"line":46,"column":8},"end":{"line":46,"column":14}},"18":{"start":{"line":48,"column":6},"end":{"line":54,"column":8}},"19":{"start":{"line":56,"column":4},"end":{"line":56,"column":16}},"20":{"start":{"line":59,"column":4},"end":{"line":59,"column":31}},"21":{"start":{"line":65,"column":4},"end":{"line":65,"column":17}},"22":{"start":{"line":66,"column":4},"end":{"line":66,"column":69}},"23":{"start":{"line":67,"column":4},"end":{"line":67,"column":41}},"24":{"start":{"line":68,"column":4},"end":{"line":70,"column":6}},"25":{"start":{"line":73,"column":4},"end":{"line":78,"column":5}},"26":{"start":{"line":74,"column":19},"end":{"line":74,"column":46}},"27":{"start":{"line":75,"column":6},"end":{"line":77,"column":7}},"28":{"start":{"line":76,"column":8},"end":{"line":76,"column":94}},"29":{"start":{"line":82,"column":4},"end":{"line":82,"column":23}},"30":{"start":{"line":83,"column":4},"end":{"line":83,"column":27}},"31":{"start":{"line":87,"column":4},"end":{"line":87,"column":27}},"32":{"start":{"line":88,"column":4},"end":{"line":88,"column":36}},"33":{"start":{"line":92,"column":4},"end":{"line":99,"column":5}},"34":{"start":{"line":103,"column":18},"end":{"line":103,"column":39}},"35":{"start":{"line":104,"column":4},"end":{"line":106,"column":5}},"36":{"start":{"line":105,"column":6},"end":{"line":105,"column":41}},"37":{"start":{"line":107,"column":4},"end":{"line":111,"column":5}},"38":{"start":{"line":117,"column":2},"end":{"line":120,"column":30}},"39":{"start":{"line":124,"column":2},"end":{"line":124,"column":100}},"40":{"start":{"line":128,"column":2},"end":{"line":132,"column":4}},"41":{"start":{"line":136,"column":2},"end":{"line":142,"column":4}}},"fnMap":{"0":{"name":"(anonymous_0)","decl":{"start":{"line":11,"column":2},"end":{"line":11,"column":3}},"loc":{"start":{"line":11,"column":21},"end":{"line":18,"column":3}},"line":11},"1":{"name":"(anonymous_1)","decl":{"start":{"line":20,"column":2},"end":{"line":20,"column":3}},"loc":{"start":{"line":20,"column":24},"end":{"line":26,"column":3}},"line":20},"2":{"name":"(anonymous_2)","decl":{"start":{"line":28,"column":2},"end":{"line":28,"column":3}},"loc":{"start":{"line":28,"column":17},"end":{"line":57,"column":3}},"line":28},"3":{"name":"(anonymous_3)","decl":{"start":{"line":58,"column":2},"end":{"line":58,"column":3}},"loc":{"start":{"line":58,"column":11},"end":{"line":60,"column":3}},"line":58},"4":{"name":"(anonymous_4)","decl":{"start":{"line":64,"column":2},"end":{"line":64,"column":3}},"loc":{"start":{"line":64,"column":21},"end":{"line":71,"column":3}},"line":64},"5":{"name":"(anonymous_5)","decl":{"start":{"line":72,"column":2},"end":{"line":72,"column":3}},"loc":{"start":{"line":72,"column":22},"end":{"line":79,"column":3}},"line":72},"6":{"name":"(anonymous_6)","decl":{"start":{"line":81,"column":2},"end":{"line":81,"column":3}},"loc":{"start":{"line":81,"column":27},"end":{"line":84,"column":3}},"line":81},"7":{"name":"(anonymous_7)","decl":{"start":{"line":86,"column":2},"end":{"line":86,"column":3}},"loc":{"start":{"line":86,"column":16},"end":{"line":89,"column":3}},"line":86},"8":{"name":"(anonymous_8)","decl":{"start":{"line":91,"column":2},"end":{"line":91,"column":3}},"loc":{"start":{"line":91,"column":25},"end":{"line":100,"column":3}},"line":91},"9":{"name":"(anonymous_9)","decl":{"start":{"line":102,"column":2},"end":{"line":102,"column":3}},"loc":{"start":{"line":102,"column":11},"end":{"line":112,"column":3}},"line":102},"10":{"name":"NotifyContainer","decl":{"start":{"line":116,"column":9},"end":{"line":116,"column":24}},"loc":{"start":{"line":116,"column":32},"end":{"line":121,"column":1}},"line":116},"11":{"name":"NotifyIcon","decl":{"start":{"line":123,"column":9},"end":{"line":123,"column":19}},"loc":{"start":{"line":123,"column":27},"end":{"line":125,"column":1}},"line":123},"12":{"name":"NotifyContent","decl":{"start":{"line":127,"column":9},"end":{"line":127,"column":22}},"loc":{"start":{"line":127,"column":30},"end":{"line":133,"column":1}},"line":127},"13":{"name":"Close","decl":{"start":{"line":135,"column":9},"end":{"line":135,"column":14}},"loc":{"start":{"line":135,"column":22},"end":{"line":143,"column":1}},"line":135}},"branchMap":{"0":{"loc":{"start":{"line":23,"column":4},"end":{"line":25,"column":5}},"type":"if","locations":[{"start":{"line":23,"column":4},"end":{"line":25,"column":5}},{"start":{"line":23,"column":4},"end":{"line":25,"column":5}}],"line":23},"1":{"loc":{"start":{"line":23,"column":7},"end":{"line":23,"column":83}},"type":"binary-expr","locations":[{"start":{"line":23,"column":7},"end":{"line":23,"column":32}},{"start":{"line":23,"column":36},"end":{"line":23,"column":83}}],"line":23},"2":{"loc":{"start":{"line":29,"column":4},"end":{"line":55,"column":5}},"type":"if","locations":[{"start":{"line":29,"column":4},"end":{"line":55,"column":5}},{"start":{"line":29,"column":4},"end":{"line":55,"column":5}}],"line":29},"3":{"loc":{"start":{"line":36,"column":6},"end":{"line":47,"column":7}},"type":"switch","locations":[{"start":{"line":37,"column":8},"end":{"line":37,"column":22}},{"start":{"line":38,"column":8},"end":{"line":40,"column":14}},{"start":{"line":41,"column":8},"end":{"line":43,"column":14}},{"start":{"line":44,"column":8},"end":{"line":46,"column":14}}],"line":36},"4":{"loc":{"start":{"line":75,"column":6},"end":{"line":77,"column":7}},"type":"if","locations":[{"start":{"line":75,"column":6},"end":{"line":77,"column":7}},{"start":{"line":75,"column":6},"end":{"line":77,"column":7}}],"line":75},"5":{"loc":{"start":{"line":75,"column":9},"end":{"line":75,"column":98}},"type":"binary-expr","locations":[{"start":{"line":75,"column":9},"end":{"line":75,"column":24}},{"start":{"line":75,"column":29},"end":{"line":75,"column":43}},{"start":{"line":75,"column":47},"end":{"line":75,"column":97}}],"line":75},"6":{"loc":{"start":{"line":103,"column":18},"end":{"line":103,"column":39}},"type":"binary-expr","locations":[{"start":{"line":103,"column":18},"end":{"line":103,"column":34}},{"start":{"line":103,"column":38},"end":{"line":103,"column":39}}],"line":103},"7":{"loc":{"start":{"line":104,"column":4},"end":{"line":106,"column":5}},"type":"if","locations":[{"start":{"line":104,"column":4},"end":{"line":106,"column":5}},{"start":{"line":104,"column":4},"end":{"line":106,"column":5}}],"line":104},"8":{"loc":{"start":{"line":104,"column":7},"end":{"line":104,"column":65}},"type":"binary-expr","locations":[{"start":{"line":104,"column":7},"end":{"line":104,"column":41}},{"start":{"line":104,"column":45},"end":{"line":104,"column":65}}],"line":104}},"s":{"0":11,"1":11,"2":11,"3":11,"4":1,"5":1,"6":1,"7":1,"8":12,"9":11,"10":11,"11":11,"12":8,"13":8,"14":2,"15":2,"16":1,"17":1,"18":11,"19":1,"20":12,"21":10,"22":10,"23":10,"24":10,"25":10,"26":8,"27":8,"28":0,"29":1,"30":1,"31":1,"32":1,"33":2,"34":11,"35":11,"36":2,"37":9,"38":11,"39":11,"40":11,"41":11},"f":{"0":11,"1":1,"2":12,"3":12,"4":10,"5":10,"6":1,"7":1,"8":2,"9":11,"10":11,"11":11,"12":11,"13":11},"b":{"0":[1,0],"1":[1,1],"2":[11,1],"3":[7,8,2,1],"4":[0,8],"5":[8,8,8],"6":[11,7],"7":[2,9],"8":[11,3]},"_coverageSchema":"332fd63041d2c1bcb487cc26dd0d5f7d97098a6c","hash":"7316a1c38bb0bb1f1fa0362ca0d485434f699e43"}
}
