TN:
SF:C:\Users\sajan\Documents\sajan_applications\react-notification\src\index.js
FN:11,(anonymous_0)
FN:20,(anonymous_1)
FN:28,(anonymous_2)
FN:58,(anonymous_3)
FN:64,(anonymous_4)
FN:72,(anonymous_5)
FN:81,(anonymous_6)
FN:86,(anonymous_7)
FN:91,(anonymous_8)
FN:102,(anonymous_9)
FN:116,NotifyContainer
FN:123,NotifyIcon
FN:127,NotifyContent
FN:135,Close
FNF:14
FNH:14
FNDA:11,(anonymous_0)
FNDA:1,(anonymous_1)
FNDA:12,(anonymous_2)
FNDA:12,(anonymous_3)
FNDA:10,(anonymous_4)
FNDA:10,(anonymous_5)
FNDA:1,(anonymous_6)
FNDA:1,(anonymous_7)
FNDA:2,(anonymous_8)
FNDA:11,(anonymous_9)
FNDA:11,NotifyContainer
FNDA:11,NotifyIcon
FNDA:11,NotifyContent
FNDA:11,Close
DA:12,11
DA:13,11
DA:14,11
DA:15,11
DA:21,1
DA:22,1
DA:23,1
DA:24,1
DA:29,12
DA:34,11
DA:35,11
DA:36,11
DA:39,8
DA:40,8
DA:42,2
DA:43,2
DA:45,1
DA:46,1
DA:48,11
DA:56,1
DA:59,12
DA:65,10
DA:66,10
DA:67,10
DA:68,10
DA:73,10
DA:74,8
DA:75,8
DA:76,0
DA:82,1
DA:83,1
DA:87,1
DA:88,1
DA:92,2
DA:103,11
DA:104,11
DA:105,2
DA:107,9
DA:117,11
DA:124,11
DA:128,11
DA:136,11
LF:42
LH:41
BRDA:23,0,0,1
BRDA:23,0,1,0
BRDA:23,1,0,1
BRDA:23,1,1,1
BRDA:29,2,0,11
BRDA:29,2,1,1
BRDA:36,3,0,7
BRDA:36,3,1,8
BRDA:36,3,2,2
BRDA:36,3,3,1
BRDA:75,4,0,0
BRDA:75,4,1,8
BRDA:75,5,0,8
BRDA:75,5,1,8
BRDA:75,5,2,8
BRDA:103,6,0,11
BRDA:103,6,1,7
BRDA:104,7,0,2
BRDA:104,7,1,9
BRDA:104,8,0,11
BRDA:104,8,1,3
BRF:21
BRH:19
end_of_record
